<?xml version="1.0" encoding="UTF-8"?>
<!-- Generated by org.testng.reporters.JUnitReportReporter -->
<testsuite hostname="DESKTOP-9GBJI9C" failures="0" tests="1" name="com.power.testcases.TC0004" time="230.871" errors="0" timestamp="2023-04-10T11:09:06 IST" skipped="0">
  <testcase classname="com.power.testcases.TC0004" name="verify_Feature" time="230.871"/>
  <system-out>
    <![CDATA[Main Page Title =Home - Socinator
Page Tittle =The All In One Facebook Marketing For IM’ers - Socinator
Back To Main Page Title =Home - Socinator
Page Title =Instagram Marketing Software Features - Socinator
Back To Main Page Titlev=Home - Socinator
Page Title =Twitter Marketing Software Features - Socinator
Back To Main Page Title =Home - Socinator
Page Title =LinkedIn Marketing Software Features - Socinator
Back To Main Page Title =Home - Socinator
Page Title =YouTube Marketing Software Features - Socinator
Back To Main Page Title =Home - Socinator
Page Title =Quora Marketing Software Features - Socinator
Back To Main Page Title =Home - Socinator
Page Tittle = Pinterest Marketing Software Features - Socinator
Back To Main Page Title =Home - Socinator
Page Title =Reddit Marketing Software Features - Socinator]]>
  </system-out>
</testsuite> <!-- com.power.testcases.TC0004 -->
